This is pdfTeX, Version 3.14159265-2.6-1.40.17 (MiKTeX 2.9.6210 64-bit) (preloaded format=pdflatex 2017.1.18)  27 APR 2018 13:59
entering extended mode
**./Seminararbeit.tex
(Seminararbeit.tex
LaTeX2e <2016/03/31> patch level 3
Babel <3.9r> and hyphenation patterns for 75 language(s) loaded.
(D:\Tools\MikTex\tex\latex\base\report.cls
Document Class: report 2014/09/29 v1.4h Standard LaTeX document class
(D:\Tools\MikTex\tex\latex\base\size11.clo
File: size11.clo 2014/09/29 v1.4h Standard LaTeX file (size option)
)
\c@part=\count79
\c@chapter=\count80
\c@section=\count81
\c@subsection=\count82
\c@subsubsection=\count83
\c@paragraph=\count84
\c@subparagraph=\count85
\c@figure=\count86
\c@table=\count87
\abovecaptionskip=\skip41
\belowcaptionskip=\skip42
\bibindent=\dimen102
)
(D:\Tools\MikTex\tex\latex\graphics\graphicx.sty
Package: graphicx 2014/10/28 v1.0g Enhanced LaTeX Graphics (DPC,SPQR)

(D:\Tools\MikTex\tex\latex\graphics\keyval.sty
Package: keyval 2014/10/28 v1.15 key=value parser (DPC)
\KV@toks@=\toks14
)
(D:\Tools\MikTex\tex\latex\graphics\graphics.sty
Package: graphics 2016/07/10 v1.0t Standard LaTeX Graphics (DPC,SPQR)

(D:\Tools\MikTex\tex\latex\graphics\trig.sty
Package: trig 2016/01/03 v1.10 sin cos tan (DPC)
)
(D:\Tools\MikTex\tex\latex\graphics-cfg\graphics.cfg
File: graphics.cfg 2016/06/04 v1.11 sample graphics configuration
)
Package graphics Info: Driver file: pdftex.def on input line 99.

(D:\Tools\MikTex\tex\latex\graphics-def\pdftex.def
File: pdftex.def 2016/07/10 v0.06j Graphics/color for pdfTeX

(D:\Tools\MikTex\tex\generic\oberdiek\infwarerr.sty
Package: infwarerr 2016/05/16 v1.4 Providing info/warning/error messages (HO)
)
(D:\Tools\MikTex\tex\generic\oberdiek\ltxcmds.sty
Package: ltxcmds 2016/05/16 v1.23 LaTeX kernel commands for general use (HO)
)
\Gread@gobject=\count88
))
\Gin@req@height=\dimen103
\Gin@req@width=\dimen104
)
(D:\Tools\MikTex\tex\latex\base\inputenc.sty
Package: inputenc 2015/03/17 v1.2c Input encoding file
\inpenc@prehook=\toks15
\inpenc@posthook=\toks16

("C:\Users\Timo Bergerbusch\AppData\Roaming\MiKTeX\2.9\tex\latex\ucs\utf8x.def"
File: utf8x.def 2004/10/17 UCS: Input encoding UTF-8
)) ("C:\Users\Timo Bergerbusch\AppData\Roaming\MiKTeX\2.9\tex\latex\ucs\ucs.sty
"
Package: ucs 2013/05/11 v2.2 UCS: Unicode input support

("C:\Users\Timo Bergerbusch\AppData\Roaming\MiKTeX\2.9\tex\latex\ucs\uni-global
.def"
File: uni-global.def 2013/05/13 UCS: Unicode global data
)
\uc@secondtry=\count89
\uc@combtoks=\toks17
\uc@combtoksb=\toks18
\uc@temptokena=\toks19
)
("C:\Users\Timo Bergerbusch\AppData\Roaming\MiKTeX\2.9\tex\latex\fancyvrb\fancy
vrb.sty"
Package: fancyvrb 2008/02/07

Style option: `fancyvrb' v2.7a, with DG/SPQR fixes, and firstline=lastline fix 
<2008/02/07> (tvz)
\FV@CodeLineNo=\count90
\FV@InFile=\read1
\FV@TabBox=\box26
\c@FancyVerbLine=\count91
\FV@StepNumber=\count92
\FV@OutFile=\write3
) (D:\Tools\MikTex\tex\latex\psnfss\courier.sty
Package: courier 2005/04/12 PSNFSS-v9.2a (WaS) 
)
(D:\Tools\MikTex\tex\latex\psnfss\helvet.sty
Package: helvet 2005/04/12 PSNFSS-v9.2a (WaS) 
)
("C:\Users\Timo Bergerbusch\AppData\Roaming\MiKTeX\2.9\tex\latex\pgf\frontendla
yer\tikz.sty"
("C:\Users\Timo Bergerbusch\AppData\Roaming\MiKTeX\2.9\tex\latex\pgf\basiclayer
\pgf.sty"
("C:\Users\Timo Bergerbusch\AppData\Roaming\MiKTeX\2.9\tex\latex\pgf\utilities\
pgfrcs.sty"
("C:\Users\Timo Bergerbusch\AppData\Roaming\MiKTeX\2.9\tex\generic\pgf\utilitie
s\pgfutil-common.tex"
\pgfutil@everybye=\toks20
\pgfutil@tempdima=\dimen105
\pgfutil@tempdimb=\dimen106

("C:\Users\Timo Bergerbusch\AppData\Roaming\MiKTeX\2.9\tex\generic\pgf\utilitie
s\pgfutil-common-lists.tex"))
("C:\Users\Timo Bergerbusch\AppData\Roaming\MiKTeX\2.9\tex\generic\pgf\utilitie
s\pgfutil-latex.def"
\pgfutil@abb=\box27

("C:\Users\Timo Bergerbusch\AppData\Roaming\MiKTeX\2.9\tex\latex\ms\everyshi.st
y"
Package: everyshi 2001/05/15 v3.00 EveryShipout Package (MS)
))
("C:\Users\Timo Bergerbusch\AppData\Roaming\MiKTeX\2.9\tex\generic\pgf\utilitie
s\pgfrcs.code.tex"
Package: pgfrcs 2015/08/07 v3.0.1a (rcs-revision 1.31)
))
Package: pgf 2015/08/07 v3.0.1a (rcs-revision 1.15)

("C:\Users\Timo Bergerbusch\AppData\Roaming\MiKTeX\2.9\tex\latex\pgf\basiclayer
\pgfcore.sty"
("C:\Users\Timo Bergerbusch\AppData\Roaming\MiKTeX\2.9\tex\latex\pgf\systemlaye
r\pgfsys.sty"
("C:\Users\Timo Bergerbusch\AppData\Roaming\MiKTeX\2.9\tex\generic\pgf\systemla
yer\pgfsys.code.tex"
Package: pgfsys 2014/07/09 v3.0.1a (rcs-revision 1.48)

("C:\Users\Timo Bergerbusch\AppData\Roaming\MiKTeX\2.9\tex\generic\pgf\utilitie
s\pgfkeys.code.tex"
\pgfkeys@pathtoks=\toks21
\pgfkeys@temptoks=\toks22

("C:\Users\Timo Bergerbusch\AppData\Roaming\MiKTeX\2.9\tex\generic\pgf\utilitie
s\pgfkeysfiltered.code.tex"
\pgfkeys@tmptoks=\toks23
))
\pgf@x=\dimen107
\pgf@y=\dimen108
\pgf@xa=\dimen109
\pgf@ya=\dimen110
\pgf@xb=\dimen111
\pgf@yb=\dimen112
\pgf@xc=\dimen113
\pgf@yc=\dimen114
\w@pgf@writea=\write4
\r@pgf@reada=\read2
\c@pgf@counta=\count93
\c@pgf@countb=\count94
\c@pgf@countc=\count95
\c@pgf@countd=\count96
\t@pgf@toka=\toks24
\t@pgf@tokb=\toks25
\t@pgf@tokc=\toks26

("C:\Users\Timo Bergerbusch\AppData\Roaming\MiKTeX\2.9\tex\generic\pgf\systemla
yer\pgf.cfg"
File: pgf.cfg 2008/05/14  (rcs-revision 1.7)
)
Driver file for pgf: pgfsys-pdftex.def

("C:\Users\Timo Bergerbusch\AppData\Roaming\MiKTeX\2.9\tex\generic\pgf\systemla
yer\pgfsys-pdftex.def"
File: pgfsys-pdftex.def 2014/10/11  (rcs-revision 1.35)

("C:\Users\Timo Bergerbusch\AppData\Roaming\MiKTeX\2.9\tex\generic\pgf\systemla
yer\pgfsys-common-pdf.def"
File: pgfsys-common-pdf.def 2013/10/10  (rcs-revision 1.13)
)))
("C:\Users\Timo Bergerbusch\AppData\Roaming\MiKTeX\2.9\tex\generic\pgf\systemla
yer\pgfsyssoftpath.code.tex"
File: pgfsyssoftpath.code.tex 2013/09/09  (rcs-revision 1.9)
\pgfsyssoftpath@smallbuffer@items=\count97
\pgfsyssoftpath@bigbuffer@items=\count98
)
("C:\Users\Timo Bergerbusch\AppData\Roaming\MiKTeX\2.9\tex\generic\pgf\systemla
yer\pgfsysprotocol.code.tex"
File: pgfsysprotocol.code.tex 2006/10/16  (rcs-revision 1.4)
))
("C:\Users\Timo Bergerbusch\AppData\Roaming\MiKTeX\2.9\tex\latex\xcolor\xcolor.
sty"
Package: xcolor 2016/05/11 v2.12 LaTeX color extensions (UK)
 (D:\Tools\MikTex\tex\latex\graphics-cfg\color.cfg
File: color.cfg 2016/01/02 v1.6 sample color configuration
)
Package xcolor Info: Driver file: pdftex.def on input line 225.
Package xcolor Info: Model `cmy' substituted by `cmy0' on input line 1348.
Package xcolor Info: Model `hsb' substituted by `rgb' on input line 1352.
Package xcolor Info: Model `RGB' extended on input line 1364.
Package xcolor Info: Model `HTML' substituted by `rgb' on input line 1366.
Package xcolor Info: Model `Hsb' substituted by `hsb' on input line 1367.
Package xcolor Info: Model `tHsb' substituted by `hsb' on input line 1368.
Package xcolor Info: Model `HSB' substituted by `hsb' on input line 1369.
Package xcolor Info: Model `Gray' substituted by `gray' on input line 1370.
Package xcolor Info: Model `wave' substituted by `hsb' on input line 1371.
)
("C:\Users\Timo Bergerbusch\AppData\Roaming\MiKTeX\2.9\tex\generic\pgf\basiclay
er\pgfcore.code.tex"
Package: pgfcore 2010/04/11 v3.0.1a (rcs-revision 1.7)

("C:\Users\Timo Bergerbusch\AppData\Roaming\MiKTeX\2.9\tex\generic\pgf\math\pgf
math.code.tex"
("C:\Users\Timo Bergerbusch\AppData\Roaming\MiKTeX\2.9\tex\generic\pgf\math\pgf
mathcalc.code.tex"
("C:\Users\Timo Bergerbusch\AppData\Roaming\MiKTeX\2.9\tex\generic\pgf\math\pgf
mathutil.code.tex")
("C:\Users\Timo Bergerbusch\AppData\Roaming\MiKTeX\2.9\tex\generic\pgf\math\pgf
mathparser.code.tex"
\pgfmath@dimen=\dimen115
\pgfmath@count=\count99
\pgfmath@box=\box28
\pgfmath@toks=\toks27
\pgfmath@stack@operand=\toks28
\pgfmath@stack@operation=\toks29
)
("C:\Users\Timo Bergerbusch\AppData\Roaming\MiKTeX\2.9\tex\generic\pgf\math\pgf
mathfunctions.code.tex"
("C:\Users\Timo Bergerbusch\AppData\Roaming\MiKTeX\2.9\tex\generic\pgf\math\pgf
mathfunctions.basic.code.tex")
("C:\Users\Timo Bergerbusch\AppData\Roaming\MiKTeX\2.9\tex\generic\pgf\math\pgf
mathfunctions.trigonometric.code.tex")
("C:\Users\Timo Bergerbusch\AppData\Roaming\MiKTeX\2.9\tex\generic\pgf\math\pgf
mathfunctions.random.code.tex")
("C:\Users\Timo Bergerbusch\AppData\Roaming\MiKTeX\2.9\tex\generic\pgf\math\pgf
mathfunctions.comparison.code.tex")
("C:\Users\Timo Bergerbusch\AppData\Roaming\MiKTeX\2.9\tex\generic\pgf\math\pgf
mathfunctions.base.code.tex")
("C:\Users\Timo Bergerbusch\AppData\Roaming\MiKTeX\2.9\tex\generic\pgf\math\pgf
mathfunctions.round.code.tex")
("C:\Users\Timo Bergerbusch\AppData\Roaming\MiKTeX\2.9\tex\generic\pgf\math\pgf
mathfunctions.misc.code.tex")
("C:\Users\Timo Bergerbusch\AppData\Roaming\MiKTeX\2.9\tex\generic\pgf\math\pgf
mathfunctions.integerarithmetics.code.tex")))
("C:\Users\Timo Bergerbusch\AppData\Roaming\MiKTeX\2.9\tex\generic\pgf\math\pgf
mathfloat.code.tex"
\c@pgfmathroundto@lastzeros=\count100
))
("C:\Users\Timo Bergerbusch\AppData\Roaming\MiKTeX\2.9\tex\generic\pgf\basiclay
er\pgfcorepoints.code.tex"
File: pgfcorepoints.code.tex 2013/10/07  (rcs-revision 1.27)
\pgf@picminx=\dimen116
\pgf@picmaxx=\dimen117
\pgf@picminy=\dimen118
\pgf@picmaxy=\dimen119
\pgf@pathminx=\dimen120
\pgf@pathmaxx=\dimen121
\pgf@pathminy=\dimen122
\pgf@pathmaxy=\dimen123
\pgf@xx=\dimen124
\pgf@xy=\dimen125
\pgf@yx=\dimen126
\pgf@yy=\dimen127
\pgf@zx=\dimen128
\pgf@zy=\dimen129
)
("C:\Users\Timo Bergerbusch\AppData\Roaming\MiKTeX\2.9\tex\generic\pgf\basiclay
er\pgfcorepathconstruct.code.tex"
File: pgfcorepathconstruct.code.tex 2013/10/07  (rcs-revision 1.29)
\pgf@path@lastx=\dimen130
\pgf@path@lasty=\dimen131
)
("C:\Users\Timo Bergerbusch\AppData\Roaming\MiKTeX\2.9\tex\generic\pgf\basiclay
er\pgfcorepathusage.code.tex"
File: pgfcorepathusage.code.tex 2014/11/02  (rcs-revision 1.24)
\pgf@shorten@end@additional=\dimen132
\pgf@shorten@start@additional=\dimen133
)
("C:\Users\Timo Bergerbusch\AppData\Roaming\MiKTeX\2.9\tex\generic\pgf\basiclay
er\pgfcorescopes.code.tex"
File: pgfcorescopes.code.tex 2015/05/08  (rcs-revision 1.46)
\pgfpic=\box29
\pgf@hbox=\box30
\pgf@layerbox@main=\box31
\pgf@picture@serial@count=\count101
)
("C:\Users\Timo Bergerbusch\AppData\Roaming\MiKTeX\2.9\tex\generic\pgf\basiclay
er\pgfcoregraphicstate.code.tex"
File: pgfcoregraphicstate.code.tex 2014/11/02  (rcs-revision 1.12)
\pgflinewidth=\dimen134
)
("C:\Users\Timo Bergerbusch\AppData\Roaming\MiKTeX\2.9\tex\generic\pgf\basiclay
er\pgfcoretransformations.code.tex"
File: pgfcoretransformations.code.tex 2015/08/07  (rcs-revision 1.20)
\pgf@pt@x=\dimen135
\pgf@pt@y=\dimen136
\pgf@pt@temp=\dimen137
)
("C:\Users\Timo Bergerbusch\AppData\Roaming\MiKTeX\2.9\tex\generic\pgf\basiclay
er\pgfcorequick.code.tex"
File: pgfcorequick.code.tex 2008/10/09  (rcs-revision 1.3)
)
("C:\Users\Timo Bergerbusch\AppData\Roaming\MiKTeX\2.9\tex\generic\pgf\basiclay
er\pgfcoreobjects.code.tex"
File: pgfcoreobjects.code.tex 2006/10/11  (rcs-revision 1.2)
)
("C:\Users\Timo Bergerbusch\AppData\Roaming\MiKTeX\2.9\tex\generic\pgf\basiclay
er\pgfcorepathprocessing.code.tex"
File: pgfcorepathprocessing.code.tex 2013/09/09  (rcs-revision 1.9)
)
("C:\Users\Timo Bergerbusch\AppData\Roaming\MiKTeX\2.9\tex\generic\pgf\basiclay
er\pgfcorearrows.code.tex"
File: pgfcorearrows.code.tex 2015/05/14  (rcs-revision 1.43)
\pgfarrowsep=\dimen138
)
("C:\Users\Timo Bergerbusch\AppData\Roaming\MiKTeX\2.9\tex\generic\pgf\basiclay
er\pgfcoreshade.code.tex"
File: pgfcoreshade.code.tex 2013/07/15  (rcs-revision 1.15)
\pgf@max=\dimen139
\pgf@sys@shading@range@num=\count102
)
("C:\Users\Timo Bergerbusch\AppData\Roaming\MiKTeX\2.9\tex\generic\pgf\basiclay
er\pgfcoreimage.code.tex"
File: pgfcoreimage.code.tex 2013/07/15  (rcs-revision 1.18)

("C:\Users\Timo Bergerbusch\AppData\Roaming\MiKTeX\2.9\tex\generic\pgf\basiclay
er\pgfcoreexternal.code.tex"
File: pgfcoreexternal.code.tex 2014/07/09  (rcs-revision 1.21)
\pgfexternal@startupbox=\box32
))
("C:\Users\Timo Bergerbusch\AppData\Roaming\MiKTeX\2.9\tex\generic\pgf\basiclay
er\pgfcorelayers.code.tex"
File: pgfcorelayers.code.tex 2013/07/18  (rcs-revision 1.7)
)
("C:\Users\Timo Bergerbusch\AppData\Roaming\MiKTeX\2.9\tex\generic\pgf\basiclay
er\pgfcoretransparency.code.tex"
File: pgfcoretransparency.code.tex 2013/09/30  (rcs-revision 1.5)
)
("C:\Users\Timo Bergerbusch\AppData\Roaming\MiKTeX\2.9\tex\generic\pgf\basiclay
er\pgfcorepatterns.code.tex"
File: pgfcorepatterns.code.tex 2013/11/07  (rcs-revision 1.5)
)))
("C:\Users\Timo Bergerbusch\AppData\Roaming\MiKTeX\2.9\tex\generic\pgf\modules\
pgfmoduleshapes.code.tex"
File: pgfmoduleshapes.code.tex 2014/03/21  (rcs-revision 1.35)
\pgfnodeparttextbox=\box33
)
("C:\Users\Timo Bergerbusch\AppData\Roaming\MiKTeX\2.9\tex\generic\pgf\modules\
pgfmoduleplot.code.tex"
File: pgfmoduleplot.code.tex 2015/08/03  (rcs-revision 1.13)
)
("C:\Users\Timo Bergerbusch\AppData\Roaming\MiKTeX\2.9\tex\latex\pgf\compatibil
ity\pgfcomp-version-0-65.sty"
Package: pgfcomp-version-0-65 2007/07/03 v3.0.1a (rcs-revision 1.7)
\pgf@nodesepstart=\dimen140
\pgf@nodesepend=\dimen141
)
("C:\Users\Timo Bergerbusch\AppData\Roaming\MiKTeX\2.9\tex\latex\pgf\compatibil
ity\pgfcomp-version-1-18.sty"
Package: pgfcomp-version-1-18 2007/07/23 v3.0.1a (rcs-revision 1.1)
))
("C:\Users\Timo Bergerbusch\AppData\Roaming\MiKTeX\2.9\tex\latex\pgf\utilities\
pgffor.sty"
("C:\Users\Timo Bergerbusch\AppData\Roaming\MiKTeX\2.9\tex\latex\pgf\utilities\
pgfkeys.sty"
("C:\Users\Timo Bergerbusch\AppData\Roaming\MiKTeX\2.9\tex\generic\pgf\utilitie
s\pgfkeys.code.tex"))
("C:\Users\Timo Bergerbusch\AppData\Roaming\MiKTeX\2.9\tex\latex\pgf\math\pgfma
th.sty"
("C:\Users\Timo Bergerbusch\AppData\Roaming\MiKTeX\2.9\tex\generic\pgf\math\pgf
math.code.tex"))
("C:\Users\Timo Bergerbusch\AppData\Roaming\MiKTeX\2.9\tex\generic\pgf\utilitie
s\pgffor.code.tex"
Package: pgffor 2013/12/13 v3.0.1a (rcs-revision 1.25)

("C:\Users\Timo Bergerbusch\AppData\Roaming\MiKTeX\2.9\tex\generic\pgf\math\pgf
math.code.tex")
\pgffor@iter=\dimen142
\pgffor@skip=\dimen143
\pgffor@stack=\toks30
\pgffor@toks=\toks31
))
("C:\Users\Timo Bergerbusch\AppData\Roaming\MiKTeX\2.9\tex\generic\pgf\frontend
layer\tikz\tikz.code.tex"
Package: tikz 2015/08/07 v3.0.1a (rcs-revision 1.151)

("C:\Users\Timo Bergerbusch\AppData\Roaming\MiKTeX\2.9\tex\generic\pgf\librarie
s\pgflibraryplothandlers.code.tex"
File: pgflibraryplothandlers.code.tex 2013/08/31 v3.0.1a (rcs-revision 1.20)
\pgf@plot@mark@count=\count103
\pgfplotmarksize=\dimen144
)
\tikz@lastx=\dimen145
\tikz@lasty=\dimen146
\tikz@lastxsaved=\dimen147
\tikz@lastysaved=\dimen148
\tikzleveldistance=\dimen149
\tikzsiblingdistance=\dimen150
\tikz@figbox=\box34
\tikz@figbox@bg=\box35
\tikz@tempbox=\box36
\tikz@tempbox@bg=\box37
\tikztreelevel=\count104
\tikznumberofchildren=\count105
\tikznumberofcurrentchild=\count106
\tikz@fig@count=\count107

("C:\Users\Timo Bergerbusch\AppData\Roaming\MiKTeX\2.9\tex\generic\pgf\modules\
pgfmodulematrix.code.tex"
File: pgfmodulematrix.code.tex 2013/09/17  (rcs-revision 1.8)
\pgfmatrixcurrentrow=\count108
\pgfmatrixcurrentcolumn=\count109
\pgf@matrix@numberofcolumns=\count110
)
\tikz@expandcount=\count111

("C:\Users\Timo Bergerbusch\AppData\Roaming\MiKTeX\2.9\tex\generic\pgf\frontend
layer\tikz\libraries\tikzlibrarytopaths.code.tex"
File: tikzlibrarytopaths.code.tex 2008/06/17 v3.0.1a (rcs-revision 1.2)
)))
("C:\Users\Timo Bergerbusch\AppData\Roaming\MiKTeX\2.9\tex\latex\pdfpages\pdfpa
ges.sty"
Package: pdfpages 2017/01/14 v0.5h Insert pages of external PDF documents (AM)
 (D:\Tools\MikTex\tex\latex\base\ifthen.sty
Package: ifthen 2014/09/29 v1.1c Standard LaTeX ifthen package (DPC)
)
(D:\Tools\MikTex\tex\latex\tools\calc.sty
Package: calc 2014/10/28 v4.3 Infix arithmetic (KKT,FJ)
\calc@Acount=\count112
\calc@Bcount=\count113
\calc@Adimen=\dimen151
\calc@Bdimen=\dimen152
\calc@Askip=\skip43
\calc@Bskip=\skip44
LaTeX Info: Redefining \setlength on input line 80.
LaTeX Info: Redefining \addtolength on input line 81.
\calc@Ccount=\count114
\calc@Cskip=\skip45
)
("C:\Users\Timo Bergerbusch\AppData\Roaming\MiKTeX\2.9\tex\latex\eso-pic\eso-pi
c.sty"
Package: eso-pic 2015/07/21 v2.0g eso-pic (RN)
 (D:\Tools\MikTex\tex\generic\oberdiek\atbegshi.sty
Package: atbegshi 2016/06/09 v1.18 At begin shipout hook (HO)

(D:\Tools\MikTex\tex\generic\oberdiek\ifpdf.sty
Package: ifpdf 2016/05/14 v3.1 Provides the ifpdf switch
)))
\AM@pagewidth=\dimen153
\AM@pageheight=\dimen154

("C:\Users\Timo Bergerbusch\AppData\Roaming\MiKTeX\2.9\tex\latex\pdfpages\pppdf
tex.def"
File: pppdftex.def 2017/01/14 v0.5h Pdfpages driver for pdfTeX (AM)
)
\AM@pagebox=\box38
\AM@global@opts=\toks32
\AM@toc@title=\toks33
\c@AM@survey=\count115
\AM@templatesizebox=\box39
)
("C:\Users\Timo Bergerbusch\AppData\Roaming\MiKTeX\2.9\tex\latex\changepage\cha
ngepage.sty"
Package: changepage 2009/10/20 v1.0c check page and change page layout
\c@cp@cntr=\count116
\cp@tempcnt=\count117
) (D:\Tools\MikTex\tex\latex\tools\xspace.sty
Package: xspace 2014/10/28 v1.13 Space after command names (DPC,MH)
)
("C:\Users\Timo Bergerbusch\AppData\Roaming\MiKTeX\2.9\tex\latex\listings\listi
ngs.sty"
\lst@mode=\count118
\lst@gtempboxa=\box40
\lst@token=\toks34
\lst@length=\count119
\lst@currlwidth=\dimen155
\lst@column=\count120
\lst@pos=\count121
\lst@lostspace=\dimen156
\lst@width=\dimen157
\lst@newlines=\count122
\lst@lineno=\count123
\lst@maxwidth=\dimen158

("C:\Users\Timo Bergerbusch\AppData\Roaming\MiKTeX\2.9\tex\latex\listings\lstmi
sc.sty"
File: lstmisc.sty 2015/06/04 1.6 (Carsten Heinz)
\c@lstnumber=\count124
\lst@skipnumbers=\count125
\lst@framebox=\box41
)
("C:\Users\Timo Bergerbusch\AppData\Roaming\MiKTeX\2.9\tex\latex\listings\listi
ngs.cfg"
File: listings.cfg 2015/06/04 1.6 listings configuration
))
Package: listings 2015/06/04 1.6 (Carsten Heinz)
 (Seminararbeit.aux)
\openout1 = `Seminararbeit.aux'.

LaTeX Font Info:    Checking defaults for OML/cmm/m/it on input line 70.
LaTeX Font Info:    ... okay on input line 70.
LaTeX Font Info:    Checking defaults for T1/cmr/m/n on input line 70.
LaTeX Font Info:    ... okay on input line 70.
LaTeX Font Info:    Checking defaults for OT1/cmr/m/n on input line 70.
LaTeX Font Info:    ... okay on input line 70.
LaTeX Font Info:    Checking defaults for OMS/cmsy/m/n on input line 70.
LaTeX Font Info:    ... okay on input line 70.
LaTeX Font Info:    Checking defaults for OMX/cmex/m/n on input line 70.
LaTeX Font Info:    ... okay on input line 70.
LaTeX Font Info:    Checking defaults for U/cmr/m/n on input line 70.
LaTeX Font Info:    ... okay on input line 70.

("C:\Users\Timo Bergerbusch\AppData\Roaming\MiKTeX\2.9\tex\context\base\supp-pd
f.mkii"
[Loading MPS to PDF converter (version 2006.09.02).]
\scratchcounter=\count126
\scratchdimen=\dimen159
\scratchbox=\box42
\nofMPsegments=\count127
\nofMParguments=\count128
\everyMPshowfont=\toks35
\MPscratchCnt=\count129
\MPscratchDim=\dimen160
\MPnumerator=\count130
\makeMPintoPDFobject=\count131
\everyMPtoPDFconversion=\toks36
) (D:\Tools\MikTex\tex\generic\oberdiek\pdftexcmds.sty
Package: pdftexcmds 2016/05/21 v0.22 Utility functions of pdfTeX for LuaTeX (HO
)

(D:\Tools\MikTex\tex\generic\oberdiek\ifluatex.sty
Package: ifluatex 2016/05/16 v1.4 Provides the ifluatex switch (HO)
Package ifluatex Info: LuaTeX not detected.
)
Package pdftexcmds Info: LuaTeX not detected.
Package pdftexcmds Info: \pdf@primitive is available.
Package pdftexcmds Info: \pdf@ifprimitive is available.
Package pdftexcmds Info: \pdfdraftmode found.
)
(D:\Tools\MikTex\tex\latex\oberdiek\epstopdf-base.sty
Package: epstopdf-base 2016/05/15 v2.6 Base part for package epstopdf

(D:\Tools\MikTex\tex\latex\oberdiek\grfext.sty
Package: grfext 2016/05/16 v1.2 Manage graphics extensions (HO)

(D:\Tools\MikTex\tex\generic\oberdiek\kvdefinekeys.sty
Package: kvdefinekeys 2016/05/16 v1.4 Define keys (HO)
))
(D:\Tools\MikTex\tex\latex\oberdiek\kvoptions.sty
Package: kvoptions 2016/05/16 v3.12 Key value format for package options (HO)

(D:\Tools\MikTex\tex\generic\oberdiek\kvsetkeys.sty
Package: kvsetkeys 2016/05/16 v1.17 Key value parser (HO)

(D:\Tools\MikTex\tex\generic\oberdiek\etexcmds.sty
Package: etexcmds 2016/05/16 v1.6 Avoid name clashes with e-TeX commands (HO)
Package etexcmds Info: Could not find \expanded.
(etexcmds)             That can mean that you are not using pdfTeX 1.50 or
(etexcmds)             that some package has redefined \expanded.
(etexcmds)             In the latter case, load this package earlier.
)))
Package epstopdf-base Info: Redefining graphics rule for `.eps' on input line 4
38.
Package grfext Info: Graphics extension search list:
(grfext)             [.png,.pdf,.jpg,.mps,.jpeg,.jbig2,.jb2,.PNG,.PDF,.JPG,.JPE
G,.JBIG2,.JB2,.eps]
(grfext)             \AppendGraphicsExtensions on input line 456.
)
("C:\Users\Timo Bergerbusch\AppData\Roaming\MiKTeX\2.9\tex\latex\ucs\ucsencs.de
f"
File: ucsencs.def 2011/01/21 Fixes to fontencodings LGR, T3
) ABD: EveryShipout initializing macros
\AtBeginShipoutBox=\box43

(D:\Tools\MikTex\tex\latex\oberdiek\pdflscape.sty
Package: pdflscape 2016/05/14 v0.11 Display of landscape pages in PDF (HO)

(D:\Tools\MikTex\tex\latex\graphics\lscape.sty
Package: lscape 2000/10/22 v3.01 Landscape Pages (DPC)
)
Package pdflscape Info: Auto-detected driver: pdftex on input line 81.

(D:\Tools\MikTex\tex\generic\ifxetex\ifxetex.sty
Package: ifxetex 2010/09/12 v0.6 Provides ifxetex conditional
))
\c@lstlisting=\count132
 (src/tex/cover_en.tex
<src/pic/logo.jpg, id=4, 1120.185pt x 284.56313pt>
File: src/pic/logo.jpg Graphic file (type jpg)
 <use src/pic/logo.jpg>
Package pdftex.def Info: src/pic/logo.jpg used on input line 16.
(pdftex.def)             Requested size: 336.0068pt x 85.35826pt.
LaTeX Font Info:    Try loading font information for OT1+phv on input line 34.

(D:\Tools\MikTex\tex\latex\psnfss\ot1phv.fd
File: ot1phv.fd 2001/06/04 scalable font definitions for OT1/phv.
)
LaTeX Font Info:    Font shape `OT1/phv/bx/n' in size <17.28> not available
(Font)              Font shape `OT1/phv/b/n' tried instead on input line 39.
LaTeX Font Info:    Font shape `OT1/phv/bx/n' in size <14.4> not available
(Font)              Font shape `OT1/phv/b/n' tried instead on input line 45.
 [1

{C:/Users/Timo Bergerbusch/AppData/Local/MiKTeX/2.9/pdftex/config/pdftex.map} <
./src/pic/logo.jpg>])
<Statutory_Declaration_in_Lieu_of_an_Oath.pdf, id=11, 597.45204pt x 845.1575pt>
File: Statutory_Declaration_in_Lieu_of_an_Oath.pdf Graphic file (type pdf)
<use Statutory_Declaration_in_Lieu_of_an_Oath.pdf>
Package pdftex.def Info: Statutory_Declaration_in_Lieu_of_an_Oath.pdf used on i
nput line 84.
(pdftex.def)             Requested size: 597.45058pt x 845.15544pt.
File: Statutory_Declaration_in_Lieu_of_an_Oath.pdf Graphic file (type pdf)

<use Statutory_Declaration_in_Lieu_of_an_Oath.pdf>
Package pdftex.def Info: Statutory_Declaration_in_Lieu_of_an_Oath.pdf used on i
nput line 84.
(pdftex.def)             Requested size: 597.45058pt x 845.15544pt.

<Statutory_Declaration_in_Lieu_of_an_Oath.pdf, id=14, page=1, 597.45204pt x 845
.1575pt>
File: Statutory_Declaration_in_Lieu_of_an_Oath.pdf Graphic file (type pdf)
 <use Statutory_Declaration_in_Lieu_of_an_Oath.pdf, page 1>
Package pdftex.def Info: Statutory_Declaration_in_Lieu_of_an_Oath.pdf, page1 us
ed on input line 84.
(pdftex.def)             Requested size: 597.45058pt x 845.15544pt.
File: Statutory_Declaration_in_Lieu_of_an_Oath.pdf Graphic file (type pdf)

<use Statutory_Declaration_in_Lieu_of_an_Oath.pdf, page 1>
Package pdftex.def Info: Statutory_Declaration_in_Lieu_of_an_Oath.pdf, page1 us
ed on input line 84.
(pdftex.def)             Requested size: 597.47792pt x 845.19412pt.
File: Statutory_Declaration_in_Lieu_of_an_Oath.pdf Graphic file (type pdf)

<use Statutory_Declaration_in_Lieu_of_an_Oath.pdf, page 1>
Package pdftex.def Info: Statutory_Declaration_in_Lieu_of_an_Oath.pdf, page1 us
ed on input line 84.
(pdftex.def)             Requested size: 597.47792pt x 845.19412pt.
File: Statutory_Declaration_in_Lieu_of_an_Oath.pdf Graphic file (type pdf)

<use Statutory_Declaration_in_Lieu_of_an_Oath.pdf, page 1>
Package pdftex.def Info: Statutory_Declaration_in_Lieu_of_an_Oath.pdf, page1 us
ed on input line 84.
(pdftex.def)             Requested size: 597.47792pt x 845.19412pt.
File: Statutory_Declaration_in_Lieu_of_an_Oath.pdf Graphic file (type pdf)

<use Statutory_Declaration_in_Lieu_of_an_Oath.pdf, page 1>
Package pdftex.def Info: Statutory_Declaration_in_Lieu_of_an_Oath.pdf, page1 us
ed on input line 84.
(pdftex.def)             Requested size: 597.47792pt x 845.19412pt.
 [2

 <./Statutory_Declaration_in_Lieu_of_an_Oath.pdf>] (src/tex/abstract.tex
LaTeX Font Info:    Try loading font information for OT1+pcr on input line 6.

(D:\Tools\MikTex\tex\latex\psnfss\ot1pcr.fd
File: ot1pcr.fd 2001/06/04 font definitions for OT1/pcr.
) [3

] [4

]) (Seminararbeit.toc
LaTeX Font Info:    External font `cmex10' loaded for size
(Font)              <10.95> on input line 2.
LaTeX Font Info:    External font `cmex10' loaded for size
(Font)              <8> on input line 2.
LaTeX Font Info:    External font `cmex10' loaded for size
(Font)              <6> on input line 2.
)
\tf@toc=\write5
\openout5 = `Seminararbeit.toc'.


[5

] (src/tex/intro.tex
Chapter 1.
) (src/tex/example.tex [1


] [2

]
Chapter 2.
) (src/tex/evaluation.tex [3] [4

]
Chapter 3.
) (src/tex/conclusion.tex [5] [6

]
Chapter 4.

Underfull \hbox (badness 10000) in paragraph at lines 3--4

 []

) (Seminararbeit.bbl [7] [8

]
Underfull \hbox (badness 5696) in paragraph at lines 25--30
\OT1/cmr/m/n/10.95 lenge of scale.  Tech-ni-cal re-port, Tech. rep., NVIDIA Cor
-po-ra-
 []

) [9] (Seminararbeit.aux) ) 
Here is how much of TeX's memory you used:
 14405 strings out of 493333
 282599 string characters out of 3144357
 324929 words of memory out of 3000000
 17618 multiletter control sequences out of 15000+200000
 17362 words of font info for 44 fonts, out of 3000000 for 9000
 1141 hyphenation exceptions out of 8191
 55i,18n,54p,484b,420s stack positions out of 5000i,500n,10000p,200000b,50000s
{D:/Tools/MikTex/fonts/enc/dvips/base/8r.enc}<D:/Too
ls/MikTex/fonts/type1/public/amsfonts/cm/cmbx10.pfb><D:/Tools/MikTex/fonts/type
1/public/amsfonts/cm/cmbx12.pfb><D:/Tools/MikTex/fonts/type1/public/amsfonts/cm
/cmr10.pfb><D:/Tools/MikTex/fonts/type1/public/amsfonts/cm/cmr8.pfb><D:/Tools/M
ikTex/fonts/type1/public/amsfonts/cm/cmti10.pfb><D:/Tools/MikTex/fonts/type1/ur
w/courier/ucrr8a.pfb><D:/Tools/MikTex/fonts/type1/urw/helvetic/uhvb8a.pfb><D:/T
ools/MikTex/fonts/type1/urw/helvetic/uhvr8a.pfb>
Output written on Seminararbeit.pdf (14 pages, 272592 bytes).
PDF statistics:
 104 PDF objects out of 1000 (max. 8388607)
 0 named destinations out of 1000 (max. 500000)
 38 words of extra memory for PDF output out of 10000 (max. 10000000)

